0 info it worked if it ends with ok
1 verbose cli [ 'C:\\Program Files\\nodejs\\node.exe',
1 verbose cli   'C:\\Program Files\\nodejs\\node_modules\\npm\\bin\\npm-cli.js',
1 verbose cli   'run',
1 verbose cli   'coverage',
1 verbose cli   '--no-cache' ]
2 info using npm@5.6.0
3 info using node@v8.9.4
4 verbose run-script [ 'precoverage', 'coverage', 'postcoverage' ]
5 info lifecycle projectmanager@0.1.0~precoverage: projectmanager@0.1.0
6 info lifecycle projectmanager@0.1.0~coverage: projectmanager@0.1.0
7 verbose lifecycle projectmanager@0.1.0~coverage: unsafe-perm in lifecycle true
8 verbose lifecycle projectmanager@0.1.0~coverage: PATH: C:\Program Files\nodejs\node_modules\npm\node_modules\npm-lifecycle\node-gyp-bin;D:\sites\react\projectmanager\node_modules\.bin;C:\Users\Drzzy\bin;C:\Program Files\Git\mingw64\bin;C:\Program Files\Git\usr\local\bin;C:\Program Files\Git\usr\bin;C:\Program Files\Git\usr\bin;C:\Program Files\Git\mingw64\bin;C:\Program Files\Git\usr\bin;C:\Users\Drzzy\bin;C:\Windows\system32;C:\Windows;C:\Windows\System32\Wbem;C:\Windows\System32\WindowsPowerShell\v1.0;C:\Program Files\Git\cmd;C:\wamp64\bin\php\php7.1.9;C:\Users\Drzzy\AppData\Roaming\Composer\vendor\bin;C:\Program Files (x86)\Skype\Phone;C:\Program Files\nodejs;C:\Users\Drzzy\AppData\Local\Programs\Python\Python36\Scripts;C:\wamp64\bin\mysql\mysql5.7.19\bin;C:\Program Files\Heroku;C:\Users\Drzzy\AppData\Roaming\npm\node_modules\webpack\bin;C:\Users\Drzzy\AppData\Local\Programs\Python\Python36\Scripts;C:\Users\Drzzy\AppData\Local\Programs\Python\Python36;C:\Program Files (x86)\Microsoft VS Code\bin;D:\sites\php\composer;C:\Users\Drzzy\AppData\Roaming\Composer\vendor\bin;C:\Program Files\MongoDB\Server\3.6\bin;C:\Users\Drzzy\AppData\Roaming\npm;C:\Users\Drzzy\AppData\Local\Programs\Python\Python36;C:\Users\Drzzy\AppData\Local\Programs\Python\Python36\Scripts;C:\Program Files\Heroku\bin;D:\sites\andela\the_business_center;%APP_SETTINGS%;C:\Users\Drzzy\AppData\Roaming\npm\node_modules\webpack\bin;C:\Program Files\Git\usr\bin\vendor_perl;C:\Program Files\Git\usr\bin\core_perl
9 verbose lifecycle projectmanager@0.1.0~coverage: CWD: D:\sites\react\projectmanager
10 silly lifecycle projectmanager@0.1.0~coverage: Args: [ '/d /s /c', 'node scripts/test.js --env=jsdom --coverage' ]
11 silly lifecycle projectmanager@0.1.0~coverage: Returned: code: 1  signal: null
12 info lifecycle projectmanager@0.1.0~coverage: Failed to exec coverage script
13 verbose stack Error: projectmanager@0.1.0 coverage: `node scripts/test.js --env=jsdom --coverage`
13 verbose stack Exit status 1
13 verbose stack     at EventEmitter.<anonymous> (C:\Program Files\nodejs\node_modules\npm\node_modules\npm-lifecycle\index.js:285:16)
13 verbose stack     at emitTwo (events.js:126:13)
13 verbose stack     at EventEmitter.emit (events.js:214:7)
13 verbose stack     at ChildProcess.<anonymous> (C:\Program Files\nodejs\node_modules\npm\node_modules\npm-lifecycle\lib\spawn.js:55:14)
13 verbose stack     at emitTwo (events.js:126:13)
13 verbose stack     at ChildProcess.emit (events.js:214:7)
13 verbose stack     at maybeClose (internal/child_process.js:925:16)
13 verbose stack     at Process.ChildProcess._handle.onexit (internal/child_process.js:209:5)
14 verbose pkgid projectmanager@0.1.0
15 verbose cwd D:\sites\react\projectmanager
16 verbose Windows_NT 10.0.10240
17 verbose argv "C:\\Program Files\\nodejs\\node.exe" "C:\\Program Files\\nodejs\\node_modules\\npm\\bin\\npm-cli.js" "run" "coverage" "--no-cache"
18 verbose node v8.9.4
19 verbose npm  v5.6.0
20 error code ELIFECYCLE
21 error errno 1
22 error projectmanager@0.1.0 coverage: `node scripts/test.js --env=jsdom --coverage`
22 error Exit status 1
23 error Failed at the projectmanager@0.1.0 coverage script.
23 error This is probably not a problem with npm. There is likely additional logging output above.
24 verbose exit [ 1, true ]
